#
# There is insufficient memory for the Java Runtime Environment to continue.
# Native memory allocation (malloc) failed to allocate 1048576 bytes for AllocateHeap
# Possible reasons:
#   The system is out of physical RAM or swap space
#   In 32 bit mode, the process size limit was hit
# Possible solutions:
#   Reduce memory load on the system
#   Increase physical memory or swap space
#   Check if swap backing store is full
#   Use 64 bit Java on a 64 bit OS
#   Decrease Java heap size (-Xmx/-Xms)
#   Decrease number of Java threads
#   Decrease Java thread stack sizes (-Xss)
#   Set larger code cache with -XX:ReservedCodeCacheSize=
# This output file may be truncated or incomplete.
#
#  Out of Memory Error (memory/allocation.inline.hpp:61), pid=6768, tid=0x00000000000027dc
#
# JRE version:  (8.0_101-b13) (build )
# Java VM: Java HotSpot(TM) 64-Bit Server VM (25.101-b13 mixed mode windows-amd64 compressed oops)
# Failed to write core dump. Minidumps are not enabled by default on client versions of Windows
#

---------------  T H R E A D  ---------------

Current thread (0x000000000248e800):  JavaThread "Unknown thread" [_thread_in_vm, id=10204, stack(0x0000000002310000,0x0000000002410000)]

Stack: [0x0000000002310000,0x0000000002410000]
[error occurred during error reporting (printing stack bounds), id 0xc0000005]

Native frames: (J=compiled Java code, j=interpreted, Vv=VM code, C=native code)


---------------  P R O C E S S  ---------------

Java Threads: ( => current thread )

Other Threads:

=>0x000000000248e800 (exited) JavaThread "Unknown thread" [_thread_in_vm, id=10204, stack(0x0000000002310000,0x0000000002410000)]

VM state:not at safepoint (normal execution)

VM Mutex/Monitor currently owned by a thread: None

Heap:
 PSYoungGen      total 18944K, used 327K [0x00000000feb00000, 0x0000000100000000, 0x0000000100000000)
  eden space 16384K, 2% used [0x00000000feb00000,0x00000000feb51ec8,0x00000000ffb00000)
  from space 2560K, 0% used [0x00000000ffd80000,0x00000000ffd80000,0x0000000100000000)
  to   space 2560K, 0% used [0x00000000ffb00000,0x00000000ffb00000,0x00000000ffd80000)
 ParOldGen       total 44032K, used 0K [0x00000000fc000000, 0x00000000feb00000, 0x00000000feb00000)
  object space 44032K, 0% used [0x00000000fc000000,0x00000000fc000000,0x00000000feb00000)
 Metaspace       used 769K, capacity 4480K, committed 4480K, reserved 1056768K
  class space    used 75K, capacity 384K, committed 384K, reserved 1048576K

Card table byte_map: [0x0000000000af0000,0x0000000000b20000] byte_map_base: 0x0000000000310000

Marking Bits: (ParMarkBitMap*) 0x000000007491a6d0
 Begin Bits: [0x0000000012150000, 0x0000000012250000)
 End Bits:   [0x0000000012250000, 0x0000000012350000)

Polling page: 0x00000000005a0000

CodeCache: size=245760Kb used=328Kb max_used=328Kb free=245431Kb
 bounds [0x0000000002590000, 0x0000000002800000, 0x0000000011590000]
 total_blobs=58 nmethods=0 adapters=38
 compilation: enabled

Compilation events (0 events):
No events

GC Heap History (0 events):
No events

Deoptimization events (0 events):
No events

Internal exceptions (0 events):
No events

Events (10 events):
Event: 0.070 loading class java/lang/Short
Event: 0.070 loading class java/lang/Short done
Event: 0.070 loading class java/lang/Integer
Event: 0.071 loading class java/lang/Integer done
Event: 0.071 loading class java/lang/Long
Event: 0.071 loading class java/lang/Long done
Event: 0.073 loading class java/lang/NullPointerException
Event: 0.073 loading class java/lang/NullPointerException done
Event: 0.073 loading class java/lang/ArithmeticException
Event: 0.073 loading class java/lang/ArithmeticException done


Dynamic libraries:
0x00007ff73a0a0000 - 0x00007ff73a0d7000 	C:\Program Files\Java\jdk1.8.0_101\bin\java.exe
0x00007ff91b910000 - 0x00007ff91baeb000 	C:\WINDOWS\SYSTEM32\ntdll.dll
0x00007ff919630000 - 0x00007ff9196de000 	C:\WINDOWS\System32\KERNEL32.DLL
0x00007ff918260000 - 0x00007ff9184a9000 	C:\WINDOWS\System32\KERNELBASE.dll
0x00007ff919580000 - 0x00007ff919621000 	C:\WINDOWS\System32\ADVAPI32.dll
0x00007ff918f60000 - 0x00007ff918ffd000 	C:\WINDOWS\System32\msvcrt.dll
0x00007ff91af40000 - 0x00007ff91af99000 	C:\WINDOWS\System32\sechost.dll
0x00007ff91b000000 - 0x00007ff91b125000 	C:\WINDOWS\System32\RPCRT4.dll
0x00007ff91b1d0000 - 0x00007ff91b31a000 	C:\WINDOWS\System32\USER32.dll
0x00007ff918e50000 - 0x00007ff918e6e000 	C:\WINDOWS\System32\win32u.dll
0x00007ff919440000 - 0x00007ff919467000 	C:\WINDOWS\System32\GDI32.dll
0x00007ff9180d0000 - 0x00007ff918257000 	C:\WINDOWS\System32\gdi32full.dll
0x00007ff917f80000 - 0x00007ff91801a000 	C:\WINDOWS\System32\msvcp_win.dll
0x00007ff917e80000 - 0x00007ff917f76000 	C:\WINDOWS\System32\ucrtbase.dll
0x00007ff90e780000 - 0x00007ff90e9e7000 	C:\WINDOWS\WinSxS\amd64_microsoft.windows.common-controls_6595b64144ccf1df_6.0.15063.483_none_26002d27e7c744a2\COMCTL32.dll
0x00007ff91b550000 - 0x00007ff91b849000 	C:\WINDOWS\System32\combase.dll
0x00007ff918680000 - 0x00007ff9186ea000 	C:\WINDOWS\System32\bcryptPrimitives.dll
0x00007ff91b850000 - 0x00007ff91b87d000 	C:\WINDOWS\System32\IMM32.DLL
0x00000000749a0000 - 0x0000000074a72000 	C:\Program Files\Java\jdk1.8.0_101\jre\bin\msvcr100.dll
0x0000000074100000 - 0x000000007499a000 	C:\Program Files\Java\jdk1.8.0_101\jre\bin\server\jvm.dll
0x00007ff918ed0000 - 0x00007ff918ed8000 	C:\WINDOWS\System32\PSAPI.DLL
0x00007ff915060000 - 0x00007ff915069000 	C:\WINDOWS\SYSTEM32\WSOCK32.dll
0x00007ff919790000 - 0x00007ff9197fc000 	C:\WINDOWS\System32\WS2_32.dll
0x00007ff8fdd30000 - 0x00007ff8fdd53000 	C:\WINDOWS\SYSTEM32\WINMM.dll
0x00007ff911600000 - 0x00007ff91160a000 	C:\WINDOWS\SYSTEM32\VERSION.dll
0x00007ff8fdcd0000 - 0x00007ff8fdcfb000 	C:\WINDOWS\SYSTEM32\WINMMBASE.dll
0x00007ff917e30000 - 0x00007ff917e79000 	C:\WINDOWS\System32\cfgmgr32.dll
0x00000000740f0000 - 0x00000000740ff000 	C:\Program Files\Java\jdk1.8.0_101\jre\bin\verify.dll
0x00000000740c0000 - 0x00000000740e9000 	C:\Program Files\Java\jdk1.8.0_101\jre\bin\java.dll
0x00000000740a0000 - 0x00000000740b6000 	C:\Program Files\Java\jdk1.8.0_101\jre\bin\zip.dll

VM Arguments:
jvm_args: -Djava.awt.headless=true -Xmx64M -Dfile.encoding=windows-1252 -Duser.country=US -Duser.language=en -Duser.variant 
java_command: com.google.devtools.build.android.desugar.Desugar --input C:\android projects\TestingVariousRxRoomStuff\app\build\intermediates\transforms\stackFramesFixer\debug\6.jar --output C:\android projects\TestingVariousRxRoomStuff\app\build\intermediates\transforms\desugar\debug\7.jar --input C:\android projects\TestingVariousRxRoomStuff\app\build\intermediates\transforms\stackFramesFixer\debug\3.jar --output C:\android projects\TestingVariousRxRoomStuff\app\build\intermediates\transforms\desugar\debug\4.jar --classpath_entry C:\android projects\TestingVariousRxRoomStuff\app\build\intermediates\classes\debug --classpath_entry C:\android projects\TestingVariousRxRoomStuff\app\build\intermediates\transforms\stackFramesFixer\debug\0.jar --classpath_entry C:\android projects\TestingVariousRxRoomStuff\app\build\intermediates\transforms\stackFramesFixer\debug\1.jar --classpath_entry C:\android projects\TestingVariousRxRoomStuff\app\build\intermediates\transforms\stackFramesFixer\debug\2.jar --classpath_entry C:\android projects\TestingVariousRxRoomStuff\app\build\intermediates\transforms\stackFramesFixer\debug\3.jar --classpath_entry C:\android projects\TestingVariousRxRoomStuff\app\build\intermediates\transforms\stackFramesFixer\debug\4.jar --classpath_entry C:\android projects\TestingVariousRxRoomStuff\app\build\intermediates\transforms\stackFramesFixer\debug\5.jar --classpath_entry C:\android projects\TestingVariousRxRoomStuff\app\build\intermediates\transforms\stackFramesFixer\debug\6.jar --classpath_entry C:\android projects\TestingVariousRxRoomStuff\app\build\intermediates\transforms\stackFramesFixer\debug\7.jar --classpath_entry C:\android projects\TestingVariousRxRoomStuff\app\build\intermediates\transforms\stackFramesFixer\debug\8.jar --classpath_entry C:\android projects\TestingVariousRxRoomStuff\app\build\intermediates\transforms\stackFramesFixer\debug\9.jar --classpath_entry C:\android projects\TestingVariousRxRoomStuff\app\build\intermediates\transfor
java_class_path (initial): C:\Users\uberchilly\AppData\Local\Temp\desugar_deploy.jar2573022543305167717
Launcher Type: SUN_STANDARD

Environment Variables:
PATH=C:\ProgramData\Oracle\Java\javapath;C:\WINDOWS\system32;C:\WINDOWS;C:\WINDOWS\System32\Wbem;C:\WINDOWS\System32\WindowsPowerShell\v1.0\;C:\Program Files (x86)\NVIDIA Corporation\PhysX\Common;C:\Program Files\Calibre2\;C:\Program Files (x86)\GtkSharp\2.12\bin;C:\Program Files\Microsoft SQL Server\130\Tools\Binn\;C:\Program Files (x86)\Windows Kits\8.1\Windows Performance Toolkit\;C:\Program Files\nodejs\;C:\Program Files\Git\cmd;C:\Program Files (x86)\Livestreamer;C:\Program Files (x86)\Streamlink\bin;C:\Program Files (x86)\Brackets\command;C:\Program Files (x86)\Skype\Phone\;C:\Python27;C:\Python27\scripts;C:\Users\uberchilly\AppData\Local\Microsoft\WindowsApps;C:\Users\uberchilly\AppData\Roaming\npm;C:\Users\uberchilly\AppData\Local\atom\bin;C:\Program Files (x86)\Microsoft VS Code\bin;C:\Users\uberchilly\AppData\Local\Microsoft\WindowsApps;
USERNAME=uberchilly
OS=Windows_NT
PROCESSOR_IDENTIFIER=Intel64 Family 6 Model 42 Stepping 7, GenuineIntel



---------------  S Y S T E M  ---------------

OS: Windows 10.0 , 64 bit Build 15063 (10.0.15063.296)

CPU:total 8 (4 cores per cpu, 2 threads per core) family 6 model 42 stepping 7, cmov, cx8, fxsr, mmx, sse, sse2, sse3, ssse3, sse4.1, sse4.2, popcnt, avx, aes, clmul, ht, tsc, tscinvbit

Memory: 4k page, physical 8370028k(1677380k free), swap 9418604k(34756k free)

vm_info: Java HotSpot(TM) 64-Bit Server VM (25.101-b13) for windows-amd64 JRE (1.8.0_101-b13), built on Jun 22 2016 01:21:29 by "java_re" with MS VC++ 10.0 (VS2010)

time: Sun Oct 29 19:37:35 2017
elapsed time: 0 seconds (0d 0h 0m 0s)

